[Sat Nov 15 06:05:01 AM PST 2025] Starting auto-push...
fatal: couldn't find remote ref main
[Sat Nov 15 06:06:01 AM PST 2025] Starting auto-push...
fatal: couldn't find remote ref main
[Sat Nov 15 06:07:01 AM PST 2025] Starting auto-push...
fatal: couldn't find remote ref main
[Sat Nov 15 06:08:01 AM PST 2025] Starting auto-push...
fatal: couldn't find remote ref main
[Sat Nov 15 06:09:01 AM PST 2025] Starting auto-push...
fatal: couldn't find remote ref main
[Sat Nov 15 06:10:01 AM PST 2025] Starting auto-push...
fatal: couldn't find remote ref main
[Sat Nov 15 06:11:01 AM PST 2025] Starting auto-push...
fatal: couldn't find remote ref main
[Sat Nov 15 06:12:01 AM PST 2025] Starting auto-push...
fatal: couldn't find remote ref main
[Sat Nov 15 06:13:01 AM PST 2025] Starting auto-push...
fatal: couldn't find remote ref main
[Sat Nov 15 06:14:01 AM PST 2025] Starting auto-push...
From github.com:haunter-actual/OPFOR-RedOps-Tactics
 * branch            main       -> FETCH_HEAD
error: cannot rebase: You have unstaged changes.
error: Please commit or stash them.
Already up to date.
